<?xml version="1.0" encoding="UTF-8"?>
<!-- Generated by org.testng.reporters.JUnitReportReporter -->
<testsuite hostname="DESKTOP-2EFMKDR" failures="0" tests="1" name="com.tyss.blueStone.testScript.BlueStoneTest" time="22.178" errors="0" timestamp="14 Sep 2022 04:26:16 GMT" skipped="0">
  <testcase classname="com.tyss.blueStone.testScript.BlueStoneTest" name="blueStoneTest" time="22.178"/>
</testsuite> <!-- com.tyss.blueStone.testScript.BlueStoneTest -->
