<?xml version="1.0" encoding="UTF-8"?>
<!-- Generated by org.testng.reporters.JUnitReportReporter -->
<testsuite hostname="DESKTOP-2EFMKDR" failures="0" tests="1" name="com.tyss.blueStone.testScript.BlueStoneTest" time="19.441" errors="0" timestamp="13 Sep 2022 18:05:35 GMT" skipped="0">
  <testcase classname="com.tyss.blueStone.testScript.BlueStoneTest" name="blueStoneTest" time="19.441"/>
</testsuite> <!-- com.tyss.blueStone.testScript.BlueStoneTest -->
