<?xml version="1.0" encoding="UTF-8"?>
<!-- Generated by org.testng.reporters.JUnitReportReporter -->
<testsuite hostname="DESKTOP-2EFMKDR" failures="0" tests="1" name="com.tyss.blueStone.testScript.BlueStoneSecondTask" time="20.933" errors="0" timestamp="14 Sep 2022 04:10:05 GMT" skipped="0">
  <testcase classname="com.tyss.blueStone.testScript.BlueStoneSecondTask" name="blueStoneSecondTask" time="20.933"/>
</testsuite> <!-- com.tyss.blueStone.testScript.BlueStoneSecondTask -->
