<?xml version="1.0" encoding="UTF-8"?>
<!-- Generated by org.testng.reporters.JUnitReportReporter -->
<testsuite hostname="DESKTOP-2EFMKDR" failures="0" tests="1" name="com.tyss.blueStone.listeners.ExtentReportWithLogo" time="2.616" errors="0" timestamp="13 Sep 2022 16:47:16 GMT" skipped="0">
  <testcase classname="com.tyss.blueStone.listeners.ExtentReportWithLogo" name="extentReportWithLogo" time="2.616"/>
</testsuite> <!-- com.tyss.blueStone.listeners.ExtentReportWithLogo -->
